<?xml version="1.0" encoding="UTF-8"?>
<!-- Generated by org.testng.reporters.JUnitReportReporter -->
<testsuite hostname="DESKTOP-0PLJKRS" failures="0" tests="1" name="api.test.Bookstest" time="3.993" errors="0" timestamp="2023-12-29T18:05:44 IST" skipped="0">
  <testcase classname="api.test.Bookstest" name="testgetbooks" time="3.993"/>
  <system-out/>
</testsuite> <!-- api.test.Bookstest -->
