<?xml version="1.0" encoding="UTF-8"?>
<!-- Generated by org.testng.reporters.JUnitReportReporter -->
<testsuite hostname="DESKTOP-0PLJKRS" failures="0" tests="4" name="api.test.activitiestest" time="8.805" errors="0" timestamp="2023-12-29T15:57:12 IST" skipped="0">
  <testcase classname="api.test.activitiestest" name="testpostbooks" time="6.125"/>
  <system-out/>
  <testcase classname="api.test.activitiestest" name="testgetbooks" time="1.309"/>
  <system-out/>
  <testcase classname="api.test.activitiestest" name="testputbooks" time="0.656"/>
  <system-out/>
  <testcase classname="api.test.activitiestest" name="testdeletebooks" time="0.715"/>
  <system-out/>
</testsuite> <!-- api.test.activitiestest -->
