<?xml version="1.0" encoding="UTF-8"?>
<!-- Generated by org.testng.reporters.JUnitReportReporter -->
<testsuite hostname="DESKTOP-0PLJKRS" failures="0" tests="12" name="api.test.DatadrivenTest" time="10.800" errors="0" timestamp="2023-12-29T18:07:22 IST" skipped="0">
  <testcase classname="api.test.DatadrivenTest" name="createbookdata" time="3.609"/>
  <system-out/>
  <testcase classname="api.test.DatadrivenTest" name="createbookdata" time="0.645"/>
  <system-out/>
  <testcase classname="api.test.DatadrivenTest" name="createbookdata" time="0.652"/>
  <system-out/>
  <testcase classname="api.test.DatadrivenTest" name="getsinglebooksdata" time="0.611"/>
  <system-out/>
  <testcase classname="api.test.DatadrivenTest" name="getsinglebooksdata" time="0.631"/>
  <system-out/>
  <testcase classname="api.test.DatadrivenTest" name="getsinglebooksdata" time="0.632"/>
  <system-out/>
  <testcase classname="api.test.DatadrivenTest" name="updateallbooks" time="0.581"/>
  <system-out/>
  <testcase classname="api.test.DatadrivenTest" name="updateallbooks" time="0.613"/>
  <system-out/>
  <testcase classname="api.test.DatadrivenTest" name="updateallbooks" time="0.620"/>
  <system-out/>
  <testcase classname="api.test.DatadrivenTest" name="deleteallbooksdata" time="0.572"/>
  <system-out/>
  <testcase classname="api.test.DatadrivenTest" name="deleteallbooksdata" time="0.617"/>
  <system-out/>
  <testcase classname="api.test.DatadrivenTest" name="deleteallbooksdata" time="1.017"/>
  <system-out/>
</testsuite> <!-- api.test.DatadrivenTest -->
